CRITICAL - 2024-08-27 09:42:08 --> ErrorException: Undefined variable $sidebarData
[Method: GET, Route: catalogo]
in APPPATH\Views\catalogoView.php on line 24.
 1 APPPATH\Views\catalogoView.php(24): CodeIgniter\Debug\Exceptions->errorHandler(2, 'Undefined variable $sidebarData', 'C:\\wamp64\\www\\scootergo\\app\\Views\\catalogoView.php', 24)
 2 SYSTEMPATH\View\View.php(234): include('C:\\wamp64\\www\\scootergo\\app\\Views\\catalogoView.php')
 3 SYSTEMPATH\View\View.php(237): CodeIgniter\View\View->CodeIgniter\View\{closure}()
 4 SYSTEMPATH\Common.php(1171): CodeIgniter\View\View->render('catalogoView', [], true)
 5 APPPATH\Controllers\catalogo_controller.php(9): view('catalogoView')
 6 SYSTEMPATH\CodeIgniter.php(933): App\Controllers\catalogo_controller->index()
 7 SYSTEMPATH\CodeIgniter.php(509): CodeIgniter\CodeIgniter->runController(Object(App\Controllers\catalogo_controller))
 8 SYSTEMPATH\CodeIgniter.php(355): CodeIgniter\CodeIgniter->handleRequest(null, Object(Config\Cache), false)
 9 SYSTEMPATH\Boot.php(325): CodeIgniter\CodeIgniter->run()
10 SYSTEMPATH\Boot.php(67): CodeIgniter\Boot::runCodeIgniter(Object(CodeIgniter\CodeIgniter))
11 FCPATH\index.php(56): CodeIgniter\Boot::bootWeb(Object(Config\Paths))
CRITICAL - 2024-08-27 10:06:06 --> ErrorException: Undefined variable $motos
[Method: GET, Route: catalogo]
in APPPATH\Views\catalogoView.php on line 57.
 1 APPPATH\Views\catalogoView.php(57): CodeIgniter\Debug\Exceptions->errorHandler(2, 'Undefined variable $motos', 'C:\\wamp64\\www\\scootergo\\app\\Views\\catalogoView.php', 57)
 2 SYSTEMPATH\View\View.php(234): include('C:\\wamp64\\www\\scootergo\\app\\Views\\catalogoView.php')
 3 SYSTEMPATH\View\View.php(237): CodeIgniter\View\View->CodeIgniter\View\{closure}()
 4 SYSTEMPATH\Common.php(1171): CodeIgniter\View\View->render('catalogoView', [], true)
 5 APPPATH\Controllers\catalogo_controller.php(9): view('catalogoView')
 6 SYSTEMPATH\CodeIgniter.php(933): App\Controllers\catalogo_controller->index()
 7 SYSTEMPATH\CodeIgniter.php(509): CodeIgniter\CodeIgniter->runController(Object(App\Controllers\catalogo_controller))
 8 SYSTEMPATH\CodeIgniter.php(355): CodeIgniter\CodeIgniter->handleRequest(null, Object(Config\Cache), false)
 9 SYSTEMPATH\Boot.php(325): CodeIgniter\CodeIgniter->run()
10 SYSTEMPATH\Boot.php(67): CodeIgniter\Boot::runCodeIgniter(Object(CodeIgniter\CodeIgniter))
11 FCPATH\index.php(56): CodeIgniter\Boot::bootWeb(Object(Config\Paths))
CRITICAL - 2024-08-27 10:06:07 --> ErrorException: Undefined variable $motos
[Method: GET, Route: catalogo]
in APPPATH\Views\catalogoView.php on line 57.
 1 APPPATH\Views\catalogoView.php(57): CodeIgniter\Debug\Exceptions->errorHandler(2, 'Undefined variable $motos', 'C:\\wamp64\\www\\scootergo\\app\\Views\\catalogoView.php', 57)
 2 SYSTEMPATH\View\View.php(234): include('C:\\wamp64\\www\\scootergo\\app\\Views\\catalogoView.php')
 3 SYSTEMPATH\View\View.php(237): CodeIgniter\View\View->CodeIgniter\View\{closure}()
 4 SYSTEMPATH\Common.php(1171): CodeIgniter\View\View->render('catalogoView', [], true)
 5 APPPATH\Controllers\catalogo_controller.php(9): view('catalogoView')
 6 SYSTEMPATH\CodeIgniter.php(933): App\Controllers\catalogo_controller->index()
 7 SYSTEMPATH\CodeIgniter.php(509): CodeIgniter\CodeIgniter->runController(Object(App\Controllers\catalogo_controller))
 8 SYSTEMPATH\CodeIgniter.php(355): CodeIgniter\CodeIgniter->handleRequest(null, Object(Config\Cache), false)
 9 SYSTEMPATH\Boot.php(325): CodeIgniter\CodeIgniter->run()
10 SYSTEMPATH\Boot.php(67): CodeIgniter\Boot::runCodeIgniter(Object(CodeIgniter\CodeIgniter))
11 FCPATH\index.php(56): CodeIgniter\Boot::bootWeb(Object(Config\Paths))
CRITICAL - 2024-08-27 10:06:07 --> ErrorException: Undefined variable $motos
[Method: GET, Route: catalogo]
in APPPATH\Views\catalogoView.php on line 57.
 1 APPPATH\Views\catalogoView.php(57): CodeIgniter\Debug\Exceptions->errorHandler(2, 'Undefined variable $motos', 'C:\\wamp64\\www\\scootergo\\app\\Views\\catalogoView.php', 57)
 2 SYSTEMPATH\View\View.php(234): include('C:\\wamp64\\www\\scootergo\\app\\Views\\catalogoView.php')
 3 SYSTEMPATH\View\View.php(237): CodeIgniter\View\View->CodeIgniter\View\{closure}()
 4 SYSTEMPATH\Common.php(1171): CodeIgniter\View\View->render('catalogoView', [], true)
 5 APPPATH\Controllers\catalogo_controller.php(9): view('catalogoView')
 6 SYSTEMPATH\CodeIgniter.php(933): App\Controllers\catalogo_controller->index()
 7 SYSTEMPATH\CodeIgniter.php(509): CodeIgniter\CodeIgniter->runController(Object(App\Controllers\catalogo_controller))
 8 SYSTEMPATH\CodeIgniter.php(355): CodeIgniter\CodeIgniter->handleRequest(null, Object(Config\Cache), false)
 9 SYSTEMPATH\Boot.php(325): CodeIgniter\CodeIgniter->run()
10 SYSTEMPATH\Boot.php(67): CodeIgniter\Boot::runCodeIgniter(Object(CodeIgniter\CodeIgniter))
11 FCPATH\index.php(56): CodeIgniter\Boot::bootWeb(Object(Config\Paths))
CRITICAL - 2024-08-27 10:06:07 --> ErrorException: Undefined variable $motos
[Method: GET, Route: catalogo]
in APPPATH\Views\catalogoView.php on line 57.
 1 APPPATH\Views\catalogoView.php(57): CodeIgniter\Debug\Exceptions->errorHandler(2, 'Undefined variable $motos', 'C:\\wamp64\\www\\scootergo\\app\\Views\\catalogoView.php', 57)
 2 SYSTEMPATH\View\View.php(234): include('C:\\wamp64\\www\\scootergo\\app\\Views\\catalogoView.php')
 3 SYSTEMPATH\View\View.php(237): CodeIgniter\View\View->CodeIgniter\View\{closure}()
 4 SYSTEMPATH\Common.php(1171): CodeIgniter\View\View->render('catalogoView', [], true)
 5 APPPATH\Controllers\catalogo_controller.php(9): view('catalogoView')
 6 SYSTEMPATH\CodeIgniter.php(933): App\Controllers\catalogo_controller->index()
 7 SYSTEMPATH\CodeIgniter.php(509): CodeIgniter\CodeIgniter->runController(Object(App\Controllers\catalogo_controller))
 8 SYSTEMPATH\CodeIgniter.php(355): CodeIgniter\CodeIgniter->handleRequest(null, Object(Config\Cache), false)
 9 SYSTEMPATH\Boot.php(325): CodeIgniter\CodeIgniter->run()
10 SYSTEMPATH\Boot.php(67): CodeIgniter\Boot::runCodeIgniter(Object(CodeIgniter\CodeIgniter))
11 FCPATH\index.php(56): CodeIgniter\Boot::bootWeb(Object(Config\Paths))
CRITICAL - 2024-08-27 10:06:07 --> ErrorException: Undefined variable $motos
[Method: GET, Route: catalogo]
in APPPATH\Views\catalogoView.php on line 57.
 1 APPPATH\Views\catalogoView.php(57): CodeIgniter\Debug\Exceptions->errorHandler(2, 'Undefined variable $motos', 'C:\\wamp64\\www\\scootergo\\app\\Views\\catalogoView.php', 57)
 2 SYSTEMPATH\View\View.php(234): include('C:\\wamp64\\www\\scootergo\\app\\Views\\catalogoView.php')
 3 SYSTEMPATH\View\View.php(237): CodeIgniter\View\View->CodeIgniter\View\{closure}()
 4 SYSTEMPATH\Common.php(1171): CodeIgniter\View\View->render('catalogoView', [], true)
 5 APPPATH\Controllers\catalogo_controller.php(9): view('catalogoView')
 6 SYSTEMPATH\CodeIgniter.php(933): App\Controllers\catalogo_controller->index()
 7 SYSTEMPATH\CodeIgniter.php(509): CodeIgniter\CodeIgniter->runController(Object(App\Controllers\catalogo_controller))
 8 SYSTEMPATH\CodeIgniter.php(355): CodeIgniter\CodeIgniter->handleRequest(null, Object(Config\Cache), false)
 9 SYSTEMPATH\Boot.php(325): CodeIgniter\CodeIgniter->run()
10 SYSTEMPATH\Boot.php(67): CodeIgniter\Boot::runCodeIgniter(Object(CodeIgniter\CodeIgniter))
11 FCPATH\index.php(56): CodeIgniter\Boot::bootWeb(Object(Config\Paths))
CRITICAL - 2024-08-27 10:06:07 --> ErrorException: Undefined variable $motos
[Method: GET, Route: catalogo]
in APPPATH\Views\catalogoView.php on line 57.
 1 APPPATH\Views\catalogoView.php(57): CodeIgniter\Debug\Exceptions->errorHandler(2, 'Undefined variable $motos', 'C:\\wamp64\\www\\scootergo\\app\\Views\\catalogoView.php', 57)
 2 SYSTEMPATH\View\View.php(234): include('C:\\wamp64\\www\\scootergo\\app\\Views\\catalogoView.php')
 3 SYSTEMPATH\View\View.php(237): CodeIgniter\View\View->CodeIgniter\View\{closure}()
 4 SYSTEMPATH\Common.php(1171): CodeIgniter\View\View->render('catalogoView', [], true)
 5 APPPATH\Controllers\catalogo_controller.php(9): view('catalogoView')
 6 SYSTEMPATH\CodeIgniter.php(933): App\Controllers\catalogo_controller->index()
 7 SYSTEMPATH\CodeIgniter.php(509): CodeIgniter\CodeIgniter->runController(Object(App\Controllers\catalogo_controller))
 8 SYSTEMPATH\CodeIgniter.php(355): CodeIgniter\CodeIgniter->handleRequest(null, Object(Config\Cache), false)
 9 SYSTEMPATH\Boot.php(325): CodeIgniter\CodeIgniter->run()
10 SYSTEMPATH\Boot.php(67): CodeIgniter\Boot::runCodeIgniter(Object(CodeIgniter\CodeIgniter))
11 FCPATH\index.php(56): CodeIgniter\Boot::bootWeb(Object(Config\Paths))
CRITICAL - 2024-08-27 10:08:25 --> ErrorException: Undefined variable $motos
[Method: GET, Route: catalogo]
in APPPATH\Views\catalogoView.php on line 57.
 1 APPPATH\Views\catalogoView.php(57): CodeIgniter\Debug\Exceptions->errorHandler(2, 'Undefined variable $motos', 'C:\\wamp64\\www\\scootergo\\app\\Views\\catalogoView.php', 57)
 2 SYSTEMPATH\View\View.php(234): include('C:\\wamp64\\www\\scootergo\\app\\Views\\catalogoView.php')
 3 SYSTEMPATH\View\View.php(237): CodeIgniter\View\View->CodeIgniter\View\{closure}()
 4 SYSTEMPATH\Common.php(1171): CodeIgniter\View\View->render('catalogoView', [], true)
 5 APPPATH\Controllers\catalogo_controller.php(9): view('catalogoView')
 6 SYSTEMPATH\CodeIgniter.php(933): App\Controllers\catalogo_controller->index()
 7 SYSTEMPATH\CodeIgniter.php(509): CodeIgniter\CodeIgniter->runController(Object(App\Controllers\catalogo_controller))
 8 SYSTEMPATH\CodeIgniter.php(355): CodeIgniter\CodeIgniter->handleRequest(null, Object(Config\Cache), false)
 9 SYSTEMPATH\Boot.php(325): CodeIgniter\CodeIgniter->run()
10 SYSTEMPATH\Boot.php(67): CodeIgniter\Boot::runCodeIgniter(Object(CodeIgniter\CodeIgniter))
11 FCPATH\index.php(56): CodeIgniter\Boot::bootWeb(Object(Config\Paths))
CRITICAL - 2024-08-27 10:08:26 --> ErrorException: Undefined variable $motos
[Method: GET, Route: catalogo]
in APPPATH\Views\catalogoView.php on line 57.
 1 APPPATH\Views\catalogoView.php(57): CodeIgniter\Debug\Exceptions->errorHandler(2, 'Undefined variable $motos', 'C:\\wamp64\\www\\scootergo\\app\\Views\\catalogoView.php', 57)
 2 SYSTEMPATH\View\View.php(234): include('C:\\wamp64\\www\\scootergo\\app\\Views\\catalogoView.php')
 3 SYSTEMPATH\View\View.php(237): CodeIgniter\View\View->CodeIgniter\View\{closure}()
 4 SYSTEMPATH\Common.php(1171): CodeIgniter\View\View->render('catalogoView', [], true)
 5 APPPATH\Controllers\catalogo_controller.php(9): view('catalogoView')
 6 SYSTEMPATH\CodeIgniter.php(933): App\Controllers\catalogo_controller->index()
 7 SYSTEMPATH\CodeIgniter.php(509): CodeIgniter\CodeIgniter->runController(Object(App\Controllers\catalogo_controller))
 8 SYSTEMPATH\CodeIgniter.php(355): CodeIgniter\CodeIgniter->handleRequest(null, Object(Config\Cache), false)
 9 SYSTEMPATH\Boot.php(325): CodeIgniter\CodeIgniter->run()
10 SYSTEMPATH\Boot.php(67): CodeIgniter\Boot::runCodeIgniter(Object(CodeIgniter\CodeIgniter))
11 FCPATH\index.php(56): CodeIgniter\Boot::bootWeb(Object(Config\Paths))
CRITICAL - 2024-08-27 10:08:26 --> ErrorException: Undefined variable $motos
[Method: GET, Route: catalogo]
in APPPATH\Views\catalogoView.php on line 57.
 1 APPPATH\Views\catalogoView.php(57): CodeIgniter\Debug\Exceptions->errorHandler(2, 'Undefined variable $motos', 'C:\\wamp64\\www\\scootergo\\app\\Views\\catalogoView.php', 57)
 2 SYSTEMPATH\View\View.php(234): include('C:\\wamp64\\www\\scootergo\\app\\Views\\catalogoView.php')
 3 SYSTEMPATH\View\View.php(237): CodeIgniter\View\View->CodeIgniter\View\{closure}()
 4 SYSTEMPATH\Common.php(1171): CodeIgniter\View\View->render('catalogoView', [], true)
 5 APPPATH\Controllers\catalogo_controller.php(9): view('catalogoView')
 6 SYSTEMPATH\CodeIgniter.php(933): App\Controllers\catalogo_controller->index()
 7 SYSTEMPATH\CodeIgniter.php(509): CodeIgniter\CodeIgniter->runController(Object(App\Controllers\catalogo_controller))
 8 SYSTEMPATH\CodeIgniter.php(355): CodeIgniter\CodeIgniter->handleRequest(null, Object(Config\Cache), false)
 9 SYSTEMPATH\Boot.php(325): CodeIgniter\CodeIgniter->run()
10 SYSTEMPATH\Boot.php(67): CodeIgniter\Boot::runCodeIgniter(Object(CodeIgniter\CodeIgniter))
11 FCPATH\index.php(56): CodeIgniter\Boot::bootWeb(Object(Config\Paths))
CRITICAL - 2024-08-27 10:08:26 --> ErrorException: Undefined variable $motos
[Method: GET, Route: catalogo]
in APPPATH\Views\catalogoView.php on line 57.
 1 APPPATH\Views\catalogoView.php(57): CodeIgniter\Debug\Exceptions->errorHandler(2, 'Undefined variable $motos', 'C:\\wamp64\\www\\scootergo\\app\\Views\\catalogoView.php', 57)
 2 SYSTEMPATH\View\View.php(234): include('C:\\wamp64\\www\\scootergo\\app\\Views\\catalogoView.php')
 3 SYSTEMPATH\View\View.php(237): CodeIgniter\View\View->CodeIgniter\View\{closure}()
 4 SYSTEMPATH\Common.php(1171): CodeIgniter\View\View->render('catalogoView', [], true)
 5 APPPATH\Controllers\catalogo_controller.php(9): view('catalogoView')
 6 SYSTEMPATH\CodeIgniter.php(933): App\Controllers\catalogo_controller->index()
 7 SYSTEMPATH\CodeIgniter.php(509): CodeIgniter\CodeIgniter->runController(Object(App\Controllers\catalogo_controller))
 8 SYSTEMPATH\CodeIgniter.php(355): CodeIgniter\CodeIgniter->handleRequest(null, Object(Config\Cache), false)
 9 SYSTEMPATH\Boot.php(325): CodeIgniter\CodeIgniter->run()
10 SYSTEMPATH\Boot.php(67): CodeIgniter\Boot::runCodeIgniter(Object(CodeIgniter\CodeIgniter))
11 FCPATH\index.php(56): CodeIgniter\Boot::bootWeb(Object(Config\Paths))
CRITICAL - 2024-08-27 10:08:26 --> ErrorException: Undefined variable $motos
[Method: GET, Route: catalogo]
in APPPATH\Views\catalogoView.php on line 57.
 1 APPPATH\Views\catalogoView.php(57): CodeIgniter\Debug\Exceptions->errorHandler(2, 'Undefined variable $motos', 'C:\\wamp64\\www\\scootergo\\app\\Views\\catalogoView.php', 57)
 2 SYSTEMPATH\View\View.php(234): include('C:\\wamp64\\www\\scootergo\\app\\Views\\catalogoView.php')
 3 SYSTEMPATH\View\View.php(237): CodeIgniter\View\View->CodeIgniter\View\{closure}()
 4 SYSTEMPATH\Common.php(1171): CodeIgniter\View\View->render('catalogoView', [], true)
 5 APPPATH\Controllers\catalogo_controller.php(9): view('catalogoView')
 6 SYSTEMPATH\CodeIgniter.php(933): App\Controllers\catalogo_controller->index()
 7 SYSTEMPATH\CodeIgniter.php(509): CodeIgniter\CodeIgniter->runController(Object(App\Controllers\catalogo_controller))
 8 SYSTEMPATH\CodeIgniter.php(355): CodeIgniter\CodeIgniter->handleRequest(null, Object(Config\Cache), false)
 9 SYSTEMPATH\Boot.php(325): CodeIgniter\CodeIgniter->run()
10 SYSTEMPATH\Boot.php(67): CodeIgniter\Boot::runCodeIgniter(Object(CodeIgniter\CodeIgniter))
11 FCPATH\index.php(56): CodeIgniter\Boot::bootWeb(Object(Config\Paths))
CRITICAL - 2024-08-27 10:08:26 --> ErrorException: Undefined variable $motos
[Method: GET, Route: catalogo]
in APPPATH\Views\catalogoView.php on line 57.
 1 APPPATH\Views\catalogoView.php(57): CodeIgniter\Debug\Exceptions->errorHandler(2, 'Undefined variable $motos', 'C:\\wamp64\\www\\scootergo\\app\\Views\\catalogoView.php', 57)
 2 SYSTEMPATH\View\View.php(234): include('C:\\wamp64\\www\\scootergo\\app\\Views\\catalogoView.php')
 3 SYSTEMPATH\View\View.php(237): CodeIgniter\View\View->CodeIgniter\View\{closure}()
 4 SYSTEMPATH\Common.php(1171): CodeIgniter\View\View->render('catalogoView', [], true)
 5 APPPATH\Controllers\catalogo_controller.php(9): view('catalogoView')
 6 SYSTEMPATH\CodeIgniter.php(933): App\Controllers\catalogo_controller->index()
 7 SYSTEMPATH\CodeIgniter.php(509): CodeIgniter\CodeIgniter->runController(Object(App\Controllers\catalogo_controller))
 8 SYSTEMPATH\CodeIgniter.php(355): CodeIgniter\CodeIgniter->handleRequest(null, Object(Config\Cache), false)
 9 SYSTEMPATH\Boot.php(325): CodeIgniter\CodeIgniter->run()
10 SYSTEMPATH\Boot.php(67): CodeIgniter\Boot::runCodeIgniter(Object(CodeIgniter\CodeIgniter))
11 FCPATH\index.php(56): CodeIgniter\Boot::bootWeb(Object(Config\Paths))
CRITICAL - 2024-08-27 10:08:27 --> ErrorException: Undefined variable $motos
[Method: GET, Route: catalogo]
in APPPATH\Views\catalogoView.php on line 57.
 1 APPPATH\Views\catalogoView.php(57): CodeIgniter\Debug\Exceptions->errorHandler(2, 'Undefined variable $motos', 'C:\\wamp64\\www\\scootergo\\app\\Views\\catalogoView.php', 57)
 2 SYSTEMPATH\View\View.php(234): include('C:\\wamp64\\www\\scootergo\\app\\Views\\catalogoView.php')
 3 SYSTEMPATH\View\View.php(237): CodeIgniter\View\View->CodeIgniter\View\{closure}()
 4 SYSTEMPATH\Common.php(1171): CodeIgniter\View\View->render('catalogoView', [], true)
 5 APPPATH\Controllers\catalogo_controller.php(9): view('catalogoView')
 6 SYSTEMPATH\CodeIgniter.php(933): App\Controllers\catalogo_controller->index()
 7 SYSTEMPATH\CodeIgniter.php(509): CodeIgniter\CodeIgniter->runController(Object(App\Controllers\catalogo_controller))
 8 SYSTEMPATH\CodeIgniter.php(355): CodeIgniter\CodeIgniter->handleRequest(null, Object(Config\Cache), false)
 9 SYSTEMPATH\Boot.php(325): CodeIgniter\CodeIgniter->run()
10 SYSTEMPATH\Boot.php(67): CodeIgniter\Boot::runCodeIgniter(Object(CodeIgniter\CodeIgniter))
11 FCPATH\index.php(56): CodeIgniter\Boot::bootWeb(Object(Config\Paths))
CRITICAL - 2024-08-27 10:10:08 --> ErrorException: Undefined variable $motos
[Method: GET, Route: catalogo]
in APPPATH\Views\catalogoView.php on line 57.
 1 APPPATH\Views\catalogoView.php(57): CodeIgniter\Debug\Exceptions->errorHandler(2, 'Undefined variable $motos', 'C:\\wamp64\\www\\scootergo\\app\\Views\\catalogoView.php', 57)
 2 SYSTEMPATH\View\View.php(234): include('C:\\wamp64\\www\\scootergo\\app\\Views\\catalogoView.php')
 3 SYSTEMPATH\View\View.php(237): CodeIgniter\View\View->CodeIgniter\View\{closure}()
 4 SYSTEMPATH\Common.php(1171): CodeIgniter\View\View->render('catalogoView', [], true)
 5 APPPATH\Controllers\catalogo_controller.php(9): view('catalogoView')
 6 SYSTEMPATH\CodeIgniter.php(933): App\Controllers\catalogo_controller->index()
 7 SYSTEMPATH\CodeIgniter.php(509): CodeIgniter\CodeIgniter->runController(Object(App\Controllers\catalogo_controller))
 8 SYSTEMPATH\CodeIgniter.php(355): CodeIgniter\CodeIgniter->handleRequest(null, Object(Config\Cache), false)
 9 SYSTEMPATH\Boot.php(325): CodeIgniter\CodeIgniter->run()
10 SYSTEMPATH\Boot.php(67): CodeIgniter\Boot::runCodeIgniter(Object(CodeIgniter\CodeIgniter))
11 FCPATH\index.php(56): CodeIgniter\Boot::bootWeb(Object(Config\Paths))
CRITICAL - 2024-08-27 10:10:09 --> ErrorException: Undefined variable $motos
[Method: GET, Route: catalogo]
in APPPATH\Views\catalogoView.php on line 57.
 1 APPPATH\Views\catalogoView.php(57): CodeIgniter\Debug\Exceptions->errorHandler(2, 'Undefined variable $motos', 'C:\\wamp64\\www\\scootergo\\app\\Views\\catalogoView.php', 57)
 2 SYSTEMPATH\View\View.php(234): include('C:\\wamp64\\www\\scootergo\\app\\Views\\catalogoView.php')
 3 SYSTEMPATH\View\View.php(237): CodeIgniter\View\View->CodeIgniter\View\{closure}()
 4 SYSTEMPATH\Common.php(1171): CodeIgniter\View\View->render('catalogoView', [], true)
 5 APPPATH\Controllers\catalogo_controller.php(9): view('catalogoView')
 6 SYSTEMPATH\CodeIgniter.php(933): App\Controllers\catalogo_controller->index()
 7 SYSTEMPATH\CodeIgniter.php(509): CodeIgniter\CodeIgniter->runController(Object(App\Controllers\catalogo_controller))
 8 SYSTEMPATH\CodeIgniter.php(355): CodeIgniter\CodeIgniter->handleRequest(null, Object(Config\Cache), false)
 9 SYSTEMPATH\Boot.php(325): CodeIgniter\CodeIgniter->run()
10 SYSTEMPATH\Boot.php(67): CodeIgniter\Boot::runCodeIgniter(Object(CodeIgniter\CodeIgniter))
11 FCPATH\index.php(56): CodeIgniter\Boot::bootWeb(Object(Config\Paths))
CRITICAL - 2024-08-27 10:10:09 --> ErrorException: Undefined variable $motos
[Method: GET, Route: catalogo]
in APPPATH\Views\catalogoView.php on line 57.
 1 APPPATH\Views\catalogoView.php(57): CodeIgniter\Debug\Exceptions->errorHandler(2, 'Undefined variable $motos', 'C:\\wamp64\\www\\scootergo\\app\\Views\\catalogoView.php', 57)
 2 SYSTEMPATH\View\View.php(234): include('C:\\wamp64\\www\\scootergo\\app\\Views\\catalogoView.php')
 3 SYSTEMPATH\View\View.php(237): CodeIgniter\View\View->CodeIgniter\View\{closure}()
 4 SYSTEMPATH\Common.php(1171): CodeIgniter\View\View->render('catalogoView', [], true)
 5 APPPATH\Controllers\catalogo_controller.php(9): view('catalogoView')
 6 SYSTEMPATH\CodeIgniter.php(933): App\Controllers\catalogo_controller->index()
 7 SYSTEMPATH\CodeIgniter.php(509): CodeIgniter\CodeIgniter->runController(Object(App\Controllers\catalogo_controller))
 8 SYSTEMPATH\CodeIgniter.php(355): CodeIgniter\CodeIgniter->handleRequest(null, Object(Config\Cache), false)
 9 SYSTEMPATH\Boot.php(325): CodeIgniter\CodeIgniter->run()
10 SYSTEMPATH\Boot.php(67): CodeIgniter\Boot::runCodeIgniter(Object(CodeIgniter\CodeIgniter))
11 FCPATH\index.php(56): CodeIgniter\Boot::bootWeb(Object(Config\Paths))
CRITICAL - 2024-08-27 10:10:09 --> ErrorException: Undefined variable $motos
[Method: GET, Route: catalogo]
in APPPATH\Views\catalogoView.php on line 57.
 1 APPPATH\Views\catalogoView.php(57): CodeIgniter\Debug\Exceptions->errorHandler(2, 'Undefined variable $motos', 'C:\\wamp64\\www\\scootergo\\app\\Views\\catalogoView.php', 57)
 2 SYSTEMPATH\View\View.php(234): include('C:\\wamp64\\www\\scootergo\\app\\Views\\catalogoView.php')
 3 SYSTEMPATH\View\View.php(237): CodeIgniter\View\View->CodeIgniter\View\{closure}()
 4 SYSTEMPATH\Common.php(1171): CodeIgniter\View\View->render('catalogoView', [], true)
 5 APPPATH\Controllers\catalogo_controller.php(9): view('catalogoView')
 6 SYSTEMPATH\CodeIgniter.php(933): App\Controllers\catalogo_controller->index()
 7 SYSTEMPATH\CodeIgniter.php(509): CodeIgniter\CodeIgniter->runController(Object(App\Controllers\catalogo_controller))
 8 SYSTEMPATH\CodeIgniter.php(355): CodeIgniter\CodeIgniter->handleRequest(null, Object(Config\Cache), false)
 9 SYSTEMPATH\Boot.php(325): CodeIgniter\CodeIgniter->run()
10 SYSTEMPATH\Boot.php(67): CodeIgniter\Boot::runCodeIgniter(Object(CodeIgniter\CodeIgniter))
11 FCPATH\index.php(56): CodeIgniter\Boot::bootWeb(Object(Config\Paths))
CRITICAL - 2024-08-27 10:10:10 --> ErrorException: Undefined variable $motos
[Method: GET, Route: catalogo]
in APPPATH\Views\catalogoView.php on line 57.
 1 APPPATH\Views\catalogoView.php(57): CodeIgniter\Debug\Exceptions->errorHandler(2, 'Undefined variable $motos', 'C:\\wamp64\\www\\scootergo\\app\\Views\\catalogoView.php', 57)
 2 SYSTEMPATH\View\View.php(234): include('C:\\wamp64\\www\\scootergo\\app\\Views\\catalogoView.php')
 3 SYSTEMPATH\View\View.php(237): CodeIgniter\View\View->CodeIgniter\View\{closure}()
 4 SYSTEMPATH\Common.php(1171): CodeIgniter\View\View->render('catalogoView', [], true)
 5 APPPATH\Controllers\catalogo_controller.php(9): view('catalogoView')
 6 SYSTEMPATH\CodeIgniter.php(933): App\Controllers\catalogo_controller->index()
 7 SYSTEMPATH\CodeIgniter.php(509): CodeIgniter\CodeIgniter->runController(Object(App\Controllers\catalogo_controller))
 8 SYSTEMPATH\CodeIgniter.php(355): CodeIgniter\CodeIgniter->handleRequest(null, Object(Config\Cache), false)
 9 SYSTEMPATH\Boot.php(325): CodeIgniter\CodeIgniter->run()
10 SYSTEMPATH\Boot.php(67): CodeIgniter\Boot::runCodeIgniter(Object(CodeIgniter\CodeIgniter))
11 FCPATH\index.php(56): CodeIgniter\Boot::bootWeb(Object(Config\Paths))
CRITICAL - 2024-08-27 10:10:10 --> ErrorException: Undefined variable $motos
[Method: GET, Route: catalogo]
in APPPATH\Views\catalogoView.php on line 57.
 1 APPPATH\Views\catalogoView.php(57): CodeIgniter\Debug\Exceptions->errorHandler(2, 'Undefined variable $motos', 'C:\\wamp64\\www\\scootergo\\app\\Views\\catalogoView.php', 57)
 2 SYSTEMPATH\View\View.php(234): include('C:\\wamp64\\www\\scootergo\\app\\Views\\catalogoView.php')
 3 SYSTEMPATH\View\View.php(237): CodeIgniter\View\View->CodeIgniter\View\{closure}()
 4 SYSTEMPATH\Common.php(1171): CodeIgniter\View\View->render('catalogoView', [], true)
 5 APPPATH\Controllers\catalogo_controller.php(9): view('catalogoView')
 6 SYSTEMPATH\CodeIgniter.php(933): App\Controllers\catalogo_controller->index()
 7 SYSTEMPATH\CodeIgniter.php(509): CodeIgniter\CodeIgniter->runController(Object(App\Controllers\catalogo_controller))
 8 SYSTEMPATH\CodeIgniter.php(355): CodeIgniter\CodeIgniter->handleRequest(null, Object(Config\Cache), false)
 9 SYSTEMPATH\Boot.php(325): CodeIgniter\CodeIgniter->run()
10 SYSTEMPATH\Boot.php(67): CodeIgniter\Boot::runCodeIgniter(Object(CodeIgniter\CodeIgniter))
11 FCPATH\index.php(56): CodeIgniter\Boot::bootWeb(Object(Config\Paths))
CRITICAL - 2024-08-27 10:10:10 --> ErrorException: Undefined variable $motos
[Method: GET, Route: catalogo]
in APPPATH\Views\catalogoView.php on line 57.
 1 APPPATH\Views\catalogoView.php(57): CodeIgniter\Debug\Exceptions->errorHandler(2, 'Undefined variable $motos', 'C:\\wamp64\\www\\scootergo\\app\\Views\\catalogoView.php', 57)
 2 SYSTEMPATH\View\View.php(234): include('C:\\wamp64\\www\\scootergo\\app\\Views\\catalogoView.php')
 3 SYSTEMPATH\View\View.php(237): CodeIgniter\View\View->CodeIgniter\View\{closure}()
 4 SYSTEMPATH\Common.php(1171): CodeIgniter\View\View->render('catalogoView', [], true)
 5 APPPATH\Controllers\catalogo_controller.php(9): view('catalogoView')
 6 SYSTEMPATH\CodeIgniter.php(933): App\Controllers\catalogo_controller->index()
 7 SYSTEMPATH\CodeIgniter.php(509): CodeIgniter\CodeIgniter->runController(Object(App\Controllers\catalogo_controller))
 8 SYSTEMPATH\CodeIgniter.php(355): CodeIgniter\CodeIgniter->handleRequest(null, Object(Config\Cache), false)
 9 SYSTEMPATH\Boot.php(325): CodeIgniter\CodeIgniter->run()
10 SYSTEMPATH\Boot.php(67): CodeIgniter\Boot::runCodeIgniter(Object(CodeIgniter\CodeIgniter))
11 FCPATH\index.php(56): CodeIgniter\Boot::bootWeb(Object(Config\Paths))
CRITICAL - 2024-08-27 10:10:10 --> ErrorException: Undefined variable $motos
[Method: GET, Route: catalogo]
in APPPATH\Views\catalogoView.php on line 57.
 1 APPPATH\Views\catalogoView.php(57): CodeIgniter\Debug\Exceptions->errorHandler(2, 'Undefined variable $motos', 'C:\\wamp64\\www\\scootergo\\app\\Views\\catalogoView.php', 57)
 2 SYSTEMPATH\View\View.php(234): include('C:\\wamp64\\www\\scootergo\\app\\Views\\catalogoView.php')
 3 SYSTEMPATH\View\View.php(237): CodeIgniter\View\View->CodeIgniter\View\{closure}()
 4 SYSTEMPATH\Common.php(1171): CodeIgniter\View\View->render('catalogoView', [], true)
 5 APPPATH\Controllers\catalogo_controller.php(9): view('catalogoView')
 6 SYSTEMPATH\CodeIgniter.php(933): App\Controllers\catalogo_controller->index()
 7 SYSTEMPATH\CodeIgniter.php(509): CodeIgniter\CodeIgniter->runController(Object(App\Controllers\catalogo_controller))
 8 SYSTEMPATH\CodeIgniter.php(355): CodeIgniter\CodeIgniter->handleRequest(null, Object(Config\Cache), false)
 9 SYSTEMPATH\Boot.php(325): CodeIgniter\CodeIgniter->run()
10 SYSTEMPATH\Boot.php(67): CodeIgniter\Boot::runCodeIgniter(Object(CodeIgniter\CodeIgniter))
11 FCPATH\index.php(56): CodeIgniter\Boot::bootWeb(Object(Config\Paths))
CRITICAL - 2024-08-27 10:10:10 --> ErrorException: Undefined variable $motos
[Method: GET, Route: catalogo]
in APPPATH\Views\catalogoView.php on line 57.
 1 APPPATH\Views\catalogoView.php(57): CodeIgniter\Debug\Exceptions->errorHandler(2, 'Undefined variable $motos', 'C:\\wamp64\\www\\scootergo\\app\\Views\\catalogoView.php', 57)
 2 SYSTEMPATH\View\View.php(234): include('C:\\wamp64\\www\\scootergo\\app\\Views\\catalogoView.php')
 3 SYSTEMPATH\View\View.php(237): CodeIgniter\View\View->CodeIgniter\View\{closure}()
 4 SYSTEMPATH\Common.php(1171): CodeIgniter\View\View->render('catalogoView', [], true)
 5 APPPATH\Controllers\catalogo_controller.php(9): view('catalogoView')
 6 SYSTEMPATH\CodeIgniter.php(933): App\Controllers\catalogo_controller->index()
 7 SYSTEMPATH\CodeIgniter.php(509): CodeIgniter\CodeIgniter->runController(Object(App\Controllers\catalogo_controller))
 8 SYSTEMPATH\CodeIgniter.php(355): CodeIgniter\CodeIgniter->handleRequest(null, Object(Config\Cache), false)
 9 SYSTEMPATH\Boot.php(325): CodeIgniter\CodeIgniter->run()
10 SYSTEMPATH\Boot.php(67): CodeIgniter\Boot::runCodeIgniter(Object(CodeIgniter\CodeIgniter))
11 FCPATH\index.php(56): CodeIgniter\Boot::bootWeb(Object(Config\Paths))
CRITICAL - 2024-08-27 10:10:10 --> ErrorException: Undefined variable $motos
[Method: GET, Route: catalogo]
in APPPATH\Views\catalogoView.php on line 57.
 1 APPPATH\Views\catalogoView.php(57): CodeIgniter\Debug\Exceptions->errorHandler(2, 'Undefined variable $motos', 'C:\\wamp64\\www\\scootergo\\app\\Views\\catalogoView.php', 57)
 2 SYSTEMPATH\View\View.php(234): include('C:\\wamp64\\www\\scootergo\\app\\Views\\catalogoView.php')
 3 SYSTEMPATH\View\View.php(237): CodeIgniter\View\View->CodeIgniter\View\{closure}()
 4 SYSTEMPATH\Common.php(1171): CodeIgniter\View\View->render('catalogoView', [], true)
 5 APPPATH\Controllers\catalogo_controller.php(9): view('catalogoView')
 6 SYSTEMPATH\CodeIgniter.php(933): App\Controllers\catalogo_controller->index()
 7 SYSTEMPATH\CodeIgniter.php(509): CodeIgniter\CodeIgniter->runController(Object(App\Controllers\catalogo_controller))
 8 SYSTEMPATH\CodeIgniter.php(355): CodeIgniter\CodeIgniter->handleRequest(null, Object(Config\Cache), false)
 9 SYSTEMPATH\Boot.php(325): CodeIgniter\CodeIgniter->run()
10 SYSTEMPATH\Boot.php(67): CodeIgniter\Boot::runCodeIgniter(Object(CodeIgniter\CodeIgniter))
11 FCPATH\index.php(56): CodeIgniter\Boot::bootWeb(Object(Config\Paths))
CRITICAL - 2024-08-27 10:16:05 --> ErrorException: Undefined variable $sidebarData
[Method: GET, Route: catalogo]
in APPPATH\Views\catalogoView.php on line 24.
 1 APPPATH\Views\catalogoView.php(24): CodeIgniter\Debug\Exceptions->errorHandler(2, 'Undefined variable $sidebarData', 'C:\\wamp64\\www\\scootergo\\app\\Views\\catalogoView.php', 24)
 2 SYSTEMPATH\View\View.php(234): include('C:\\wamp64\\www\\scootergo\\app\\Views\\catalogoView.php')
 3 SYSTEMPATH\View\View.php(237): CodeIgniter\View\View->CodeIgniter\View\{closure}()
 4 SYSTEMPATH\Common.php(1171): CodeIgniter\View\View->render('catalogoView', [], true)
 5 APPPATH\Controllers\catalogo_controller.php(18): view('catalogoView', [...])
 6 SYSTEMPATH\CodeIgniter.php(933): App\Controllers\catalogo_controller->index()
 7 SYSTEMPATH\CodeIgniter.php(509): CodeIgniter\CodeIgniter->runController(Object(App\Controllers\catalogo_controller))
 8 SYSTEMPATH\CodeIgniter.php(355): CodeIgniter\CodeIgniter->handleRequest(null, Object(Config\Cache), false)
 9 SYSTEMPATH\Boot.php(325): CodeIgniter\CodeIgniter->run()
10 SYSTEMPATH\Boot.php(67): CodeIgniter\Boot::runCodeIgniter(Object(CodeIgniter\CodeIgniter))
11 FCPATH\index.php(56): CodeIgniter\Boot::bootWeb(Object(Config\Paths))
